<?xml version="1.0" encoding="UTF-8"?>
<!-- Generated by org.testng.reporters.JUnitReportReporter -->
<testsuite hostname="vinaypatil" failures="0" tests="1" name="grouping.Group2" time="0.002" errors="0" timestamp="2024-04-22T14:30:01 IST" skipped="0">
  <testcase classname="grouping.Group2" name="d" time="0.002"/>
  <system-out/>
</testsuite> <!-- grouping.Group2 -->
