<?xml version="1.0" encoding="UTF-8"?>
<!-- Generated by org.testng.reporters.JUnitReportReporter -->
<testsuite hostname="vinaypatil" failures="0" tests="2" name="grouping.Group1" time="0.026" errors="0" timestamp="2024-04-22T14:53:37 IST" skipped="0">
  <testcase classname="grouping.Group1" name="a" time="0.022"/>
  <system-out/>
  <testcase classname="grouping.Group1" name="b" time="0.004"/>
  <system-out/>
</testsuite> <!-- grouping.Group1 -->
