<?xml version="1.0" encoding="UTF-8"?>
<!-- Generated by org.testng.reporters.JUnitReportReporter -->
<testsuite hostname="vinaypatil" failures="0" tests="1" name="frameworkscript.CreateAndDeleteTheBoard" time="24.538" errors="0" timestamp="2024-04-28T13:26:23 IST" skipped="0">
  <testcase classname="frameworkscript.CreateAndDeleteTheBoard" name="checkTheEndUserCanLogin_CreateTheBoard_DeleteTheBoard_Logout" time="24.538"/>
  <system-out/>
</testsuite> <!-- frameworkscript.CreateAndDeleteTheBoard -->
